<?xml version="1.0" encoding="UTF-8"?>
<!-- Generated by org.testng.reporters.JUnitReportReporter -->
<testsuite hostname="LAPTOP-0IQDKHUI" failures="0" tests="1" name="test.Automation2" time="4.243" errors="0" timestamp="2023-05-14T12:06:04 IST" skipped="0">
  <testcase classname="test.Automation2" name="dell" time="4.243"/>
  <system-out/>
</testsuite> <!-- test.Automation2 -->
