<?xml version="1.0" encoding="UTF-8"?>
<!-- Generated by org.testng.reporters.JUnitReportReporter -->
<testsuite hostname="LAPTOP-0IQDKHUI" failures="0" tests="1" name="test.Automation1" time="4.645" errors="0" timestamp="2023-05-14T12:05:23 IST" skipped="0">
  <testcase classname="test.Automation1" name="test1" time="4.645"/>
  <system-out/>
</testsuite> <!-- test.Automation1 -->
