<?xml version="1.0" encoding="UTF-8"?>
<!-- Generated by org.testng.reporters.JUnitReportReporter -->
<testsuite hostname="LAPTOP-0IQDKHUI" failures="0" tests="1" name="test.Automation3" time="0.015" errors="0" timestamp="2023-05-15T15:17:25 IST" skipped="0">
  <testcase classname="test.Automation3" name="m3" time="0.015"/>
  <system-out/>
</testsuite> <!-- test.Automation3 -->
